[32m2025-05-28 23:00:26 +1000[0m - dagster - [34mDEBUG[0m - __ASSET_JOB - b18a3110-f0b3-4e63-a61f-acddb48fa20a - 85844 - LOGS_CAPTURED - Started capturing logs in process (pid: 85844).
[32m2025-05-28 23:00:26 +1000[0m - dagster - [34mDEBUG[0m - __ASSET_JOB - b18a3110-f0b3-4e63-a61f-acddb48fa20a - 85844 - cleansed_rental_listings_data - STEP_START - Started execution of step "cleansed_rental_listings_data".
[32m2025-05-28 23:02:09 +1000[0m - dagster - [34mERROR[0m - [31m__ASSET_JOB - b18a3110-f0b3-4e63-a61f-acddb48fa20a - 85844 - cleansed_rental_listings_data - STEP_FAILURE - Execution of step "cleansed_rental_listings_data" failed.

dagster._core.errors.DagsterExecutionStepExecutionError: Error occurred while executing op "cleansed_rental_listings_data"::

KeyError: 'advertised_price'

Stack Trace:
  File "/Users/jacktoke/Codes/DataEngineer/LeWagon/project_du_dbt_starter/.venv/lib/python3.12/site-packages/dagster/_core/execution/plan/utils.py", line 56, in op_execution_error_boundary
    yield
  File "/Users/jacktoke/Codes/DataEngineer/LeWagon/project_du_dbt_starter/.venv/lib/python3.12/site-packages/dagster/_utils/__init__.py", line 392, in iterate_with_context
    next_output = next(iterator)
                  ^^^^^^^^^^^^^^
  File "/Users/jacktoke/Codes/DataEngineer/LeWagon/project_du_dbt_starter/dagster_university/assets/listings.py", line 388, in cleansed_rental_listings_data
    with conn.begin():
         ^^^^^^^^^^^^
  File "/Users/jacktoke/Codes/DataEngineer/LeWagon/project_du_dbt_starter/dagster_university/assets/listings.py", line 423, in cleansed_rental_listings_data
    raise e
  File "/Users/jacktoke/Codes/DataEngineer/LeWagon/project_du_dbt_starter/dagster_university/assets/listings.py", line 390, in cleansed_rental_listings_data
    with conn.cursor() as cursor:
         ^^^^^^^^^^^^^
  File "/Users/jacktoke/Codes/DataEngineer/LeWagon/project_du_dbt_starter/dagster_university/assets/listings.py", line 394, in cleansed_rental_listings_data
    ad_lower_price, ad_upper_price = get_ad_price(row["advertised_price"])
                                                  ~~~^^^^^^^^^^^^^^^^^^^^
[0m
