[32m2025-05-28 15:19:06 +1000[0m - dagster - [34mDEBUG[0m - __ASSET_JOB - b9261114-2c01-4508-bcd6-2249f119e457 - 33533 - LOGS_CAPTURED - Started capturing logs in process (pid: 33533).
[32m2025-05-28 15:19:06 +1000[0m - dagster - [34mDEBUG[0m - __ASSET_JOB - b9261114-2c01-4508-bcd6-2249f119e457 - 33533 - dbt_analytics - STEP_START - Started execution of step "dbt_analytics".
[32m2025-05-28 15:19:06 +1000[0m - dagster - [34mINFO[0m - __ASSET_JOB - b9261114-2c01-4508-bcd6-2249f119e457 - dbt_analytics - A dbt subsetted execution is being performed. Overriding default dbt selection arguments `['--select', 'fqn:*']` with arguments: `['analytics.dim.dim_agent', 'analytics.staging.stg_agencies', 'analytics.staging.stg_addresses', 'analytics.dim.dim_agency', 'analytics.dim.dim_address', 'analytics.staging.stg_agents', 'analytics.staging.stg_suburbs']`.
INFO:dagster.builtin:__ASSET_JOB - b9261114-2c01-4508-bcd6-2249f119e457 - dbt_analytics - A dbt subsetted execution is being performed. Overriding default dbt selection arguments `['--select', 'fqn:*']` with arguments: `['analytics.dim.dim_agent', 'analytics.staging.stg_agencies', 'analytics.staging.stg_addresses', 'analytics.dim.dim_agency', 'analytics.dim.dim_address', 'analytics.staging.stg_agents', 'analytics.staging.stg_suburbs']`.
[32m2025-05-28 15:19:07 +1000[0m - dagster - [34mINFO[0m - __ASSET_JOB - b9261114-2c01-4508-bcd6-2249f119e457 - dbt_analytics - Copying `/Users/jacktoke/Codes/DataEngineer/LeWagon/project_du_dbt_starter/analytics/target/partial_parse.msgpack` to `/Users/jacktoke/Codes/DataEngineer/LeWagon/project_du_dbt_starter/analytics/target/dbt_analytics-b926111-2a5868e/partial_parse.msgpack` to take advantage of partial parsing.
INFO:dagster.builtin:__ASSET_JOB - b9261114-2c01-4508-bcd6-2249f119e457 - dbt_analytics - Copying `/Users/jacktoke/Codes/DataEngineer/LeWagon/project_du_dbt_starter/analytics/target/partial_parse.msgpack` to `/Users/jacktoke/Codes/DataEngineer/LeWagon/project_du_dbt_starter/analytics/target/dbt_analytics-b926111-2a5868e/partial_parse.msgpack` to take advantage of partial parsing.
[32m2025-05-28 15:19:07 +1000[0m - dagster - [34mINFO[0m - __ASSET_JOB - b9261114-2c01-4508-bcd6-2249f119e457 - dbt_analytics - Running dbt command: `dbt build --select analytics.dim.dim_agent analytics.staging.stg_agencies analytics.staging.stg_addresses analytics.dim.dim_agency analytics.dim.dim_address analytics.staging.stg_agents analytics.staging.stg_suburbs`.
INFO:dagster.builtin:__ASSET_JOB - b9261114-2c01-4508-bcd6-2249f119e457 - dbt_analytics - Running dbt command: `dbt build --select analytics.dim.dim_agent analytics.staging.stg_agencies analytics.staging.stg_addresses analytics.dim.dim_agency analytics.dim.dim_address analytics.staging.stg_agents analytics.staging.stg_suburbs`.
[32m2025-05-28 15:19:08 +1000[0m - dagster - [34mDEBUG[0m - __ASSET_JOB - b9261114-2c01-4508-bcd6-2249f119e457 - 33533 - dbt_analytics - STEP_OUTPUT - Yielded output "stg_addresses" of type "Nothing". (Type check passed).
[32m2025-05-28 15:19:08 +1000[0m - dagster - [34mDEBUG[0m - __ASSET_JOB - b9261114-2c01-4508-bcd6-2249f119e457 - 33533 - dbt_analytics - ASSET_MATERIALIZATION - Materialized value stg_addresses.
[32m2025-05-28 15:19:08 +1000[0m - dagster - [34mDEBUG[0m - __ASSET_JOB - b9261114-2c01-4508-bcd6-2249f119e457 - 33533 - dbt_analytics - STEP_OUTPUT - Yielded output "stg_agencies" of type "Nothing". (Type check passed).
[32m2025-05-28 15:19:08 +1000[0m - dagster - [34mDEBUG[0m - __ASSET_JOB - b9261114-2c01-4508-bcd6-2249f119e457 - 33533 - dbt_analytics - ASSET_MATERIALIZATION - Materialized value stg_agencies.
[32m2025-05-28 15:19:08 +1000[0m - dagster - [34mDEBUG[0m - __ASSET_JOB - b9261114-2c01-4508-bcd6-2249f119e457 - 33533 - dbt_analytics - STEP_OUTPUT - Yielded output "stg_agents" of type "Nothing". (Type check passed).
[32m2025-05-28 15:19:08 +1000[0m - dagster - [34mDEBUG[0m - __ASSET_JOB - b9261114-2c01-4508-bcd6-2249f119e457 - 33533 - dbt_analytics - ASSET_MATERIALIZATION - Materialized value stg_agents.
[32m2025-05-28 15:19:08 +1000[0m - dagster - [34mDEBUG[0m - __ASSET_JOB - b9261114-2c01-4508-bcd6-2249f119e457 - 33533 - dbt_analytics - STEP_OUTPUT - Yielded output "stg_suburbs" of type "Nothing". (Type check passed).
[32m2025-05-28 15:19:08 +1000[0m - dagster - [34mDEBUG[0m - __ASSET_JOB - b9261114-2c01-4508-bcd6-2249f119e457 - 33533 - dbt_analytics - ASSET_MATERIALIZATION - Materialized value stg_suburbs.
[32m2025-05-28 15:19:08 +1000[0m - dagster - [34mDEBUG[0m - __ASSET_JOB - b9261114-2c01-4508-bcd6-2249f119e457 - 33533 - dbt_analytics - STEP_OUTPUT - Yielded output "dim_address" of type "Nothing". (Type check passed).
[32m2025-05-28 15:19:08 +1000[0m - dagster - [34mDEBUG[0m - __ASSET_JOB - b9261114-2c01-4508-bcd6-2249f119e457 - 33533 - dbt_analytics - ASSET_MATERIALIZATION - Materialized value dim_address.
[32m2025-05-28 15:19:08 +1000[0m - dagster - [34mDEBUG[0m - __ASSET_JOB - b9261114-2c01-4508-bcd6-2249f119e457 - 33533 - dbt_analytics - STEP_OUTPUT - Yielded output "dim_agency" of type "Nothing". (Type check passed).
[32m2025-05-28 15:19:08 +1000[0m - dagster - [34mDEBUG[0m - __ASSET_JOB - b9261114-2c01-4508-bcd6-2249f119e457 - 33533 - dbt_analytics - ASSET_MATERIALIZATION - Materialized value dim_agency.
[32m2025-05-28 15:19:08 +1000[0m - dagster - [34mDEBUG[0m - __ASSET_JOB - b9261114-2c01-4508-bcd6-2249f119e457 - 33533 - dbt_analytics - STEP_OUTPUT - Yielded output "dim_agent" of type "Nothing". (Type check passed).
[32m2025-05-28 15:19:08 +1000[0m - dagster - [34mDEBUG[0m - __ASSET_JOB - b9261114-2c01-4508-bcd6-2249f119e457 - 33533 - dbt_analytics - ASSET_MATERIALIZATION - Materialized value dim_agent.
[32m2025-05-28 15:19:08 +1000[0m - dagster - [34mDEBUG[0m - __ASSET_JOB - b9261114-2c01-4508-bcd6-2249f119e457 - 33533 - dbt_analytics - STEP_OUTPUT - Yielded output "stg_suburbs_not_null_stg_suburbs_suburb_id" of type "Any". (Type check passed).
[32m2025-05-28 15:19:08 +1000[0m - dagster - [34mDEBUG[0m - __ASSET_JOB - b9261114-2c01-4508-bcd6-2249f119e457 - 33533 - dbt_analytics - ASSET_CHECK_EVALUATION - DagsterEventType.ASSET_CHECK_EVALUATION for step dbt_analytics
[32m2025-05-28 15:19:08 +1000[0m - dagster - [34mDEBUG[0m - __ASSET_JOB - b9261114-2c01-4508-bcd6-2249f119e457 - 33533 - dbt_analytics - STEP_OUTPUT - Yielded output "stg_suburbs_unique_stg_suburbs_suburb_id" of type "Any". (Type check passed).
[32m2025-05-28 15:19:08 +1000[0m - dagster - [34mDEBUG[0m - __ASSET_JOB - b9261114-2c01-4508-bcd6-2249f119e457 - 33533 - dbt_analytics - ASSET_CHECK_EVALUATION - DagsterEventType.ASSET_CHECK_EVALUATION for step dbt_analytics
[32m2025-05-28 15:19:08 +1000[0m - dagster - [34mINFO[0m - __ASSET_JOB - b9261114-2c01-4508-bcd6-2249f119e457 - dbt_analytics - Finished dbt command: `dbt build --select analytics.dim.dim_agent analytics.staging.stg_agencies analytics.staging.stg_addresses analytics.dim.dim_agency analytics.dim.dim_address analytics.staging.stg_agents analytics.staging.stg_suburbs`.
INFO:dagster.builtin:__ASSET_JOB - b9261114-2c01-4508-bcd6-2249f119e457 - dbt_analytics - Finished dbt command: `dbt build --select analytics.dim.dim_agent analytics.staging.stg_agencies analytics.staging.stg_addresses analytics.dim.dim_agency analytics.dim.dim_address analytics.staging.stg_agents analytics.staging.stg_suburbs`.
[32m2025-05-28 15:19:08 +1000[0m - dagster - [34mDEBUG[0m - __ASSET_JOB - b9261114-2c01-4508-bcd6-2249f119e457 - 33533 - dbt_analytics - STEP_SUCCESS - Finished execution of step "dbt_analytics" in 1.75s.
