[32m2025-05-28 22:52:59 +1000[0m - dagster - [34mDEBUG[0m - __ASSET_JOB - 133b07d3-ca91-4581-a6f4-7f2644bcc393 - 82943 - LOGS_CAPTURED - Started capturing logs in process (pid: 82943).
[32m2025-05-28 22:52:59 +1000[0m - dagster - [34mDEBUG[0m - __ASSET_JOB - 133b07d3-ca91-4581-a6f4-7f2644bcc393 - 82943 - process_data - STEP_START - Started execution of step "process_data".
[32m2025-05-28 22:52:59 +1000[0m - dagster - [34mINFO[0m - __ASSET_JOB - 133b07d3-ca91-4581-a6f4-7f2644bcc393 - process_data - Number of addresses: 6, Number of agents: 5, Number of agencies: 3, Number of listings: 0
[32m2025-05-28 22:52:59 +1000[0m - dagster - [34mDEBUG[0m - __ASSET_JOB - 133b07d3-ca91-4581-a6f4-7f2644bcc393 - 82943 - process_data - STEP_OUTPUT - Yielded output "raw_addresses" of type "Any". (Type check passed).
[32m2025-05-28 22:52:59 +1000[0m - dagster - [34mDEBUG[0m - __ASSET_JOB - 133b07d3-ca91-4581-a6f4-7f2644bcc393 - 82943 - process_data - ASSET_MATERIALIZATION - Materialized value raw_addresses.
[32m2025-05-28 22:52:59 +1000[0m - dagster - [34mDEBUG[0m - __ASSET_JOB - 133b07d3-ca91-4581-a6f4-7f2644bcc393 - 82943 - process_data - HANDLED_OUTPUT - Handled output "raw_addresses" using IO manager "io_manager"
[32m2025-05-28 22:52:59 +1000[0m - dagster - [34mDEBUG[0m - __ASSET_JOB - 133b07d3-ca91-4581-a6f4-7f2644bcc393 - 82943 - process_data - STEP_OUTPUT - Yielded output "raw_agents" of type "Any". (Type check passed).
[32m2025-05-28 22:52:59 +1000[0m - dagster - [34mDEBUG[0m - __ASSET_JOB - 133b07d3-ca91-4581-a6f4-7f2644bcc393 - 82943 - process_data - ASSET_MATERIALIZATION - Materialized value raw_agents.
[32m2025-05-28 22:52:59 +1000[0m - dagster - [34mDEBUG[0m - __ASSET_JOB - 133b07d3-ca91-4581-a6f4-7f2644bcc393 - 82943 - process_data - HANDLED_OUTPUT - Handled output "raw_agents" using IO manager "io_manager"
[32m2025-05-28 22:52:59 +1000[0m - dagster - [34mDEBUG[0m - __ASSET_JOB - 133b07d3-ca91-4581-a6f4-7f2644bcc393 - 82943 - process_data - STEP_OUTPUT - Yielded output "raw_agencies" of type "Any". (Type check passed).
[32m2025-05-28 22:52:59 +1000[0m - dagster - [34mDEBUG[0m - __ASSET_JOB - 133b07d3-ca91-4581-a6f4-7f2644bcc393 - 82943 - process_data - ASSET_MATERIALIZATION - Materialized value raw_agencies.
[32m2025-05-28 22:52:59 +1000[0m - dagster - [34mDEBUG[0m - __ASSET_JOB - 133b07d3-ca91-4581-a6f4-7f2644bcc393 - 82943 - process_data - HANDLED_OUTPUT - Handled output "raw_agencies" using IO manager "io_manager"
[32m2025-05-28 22:52:59 +1000[0m - dagster - [34mDEBUG[0m - __ASSET_JOB - 133b07d3-ca91-4581-a6f4-7f2644bcc393 - 82943 - process_data - STEP_OUTPUT - Yielded output "raw_rental_listings" of type "Any". (Type check passed).
[32m2025-05-28 22:52:59 +1000[0m - dagster - [34mERROR[0m - [31m__ASSET_JOB - 133b07d3-ca91-4581-a6f4-7f2644bcc393 - 82943 - process_data - STEP_FAILURE - Execution of step "process_data" failed.

dagster._core.errors.DagsterExecutionHandleOutputError: Error occurred while handling output "raw_rental_listings" of step "process_data"::

duckdb.duckdb.InvalidInputException: Invalid Input Error: Need a DataFrame with at least one column

Stack Trace:
  File "/Users/jacktoke/Codes/DataEngineer/LeWagon/project_du_dbt_starter/.venv/lib/python3.12/site-packages/dagster/_core/execution/plan/utils.py", line 56, in op_execution_error_boundary
    yield
  File "/Users/jacktoke/Codes/DataEngineer/LeWagon/project_du_dbt_starter/.venv/lib/python3.12/site-packages/dagster/_utils/__init__.py", line 392, in iterate_with_context
    next_output = next(iterator)
                  ^^^^^^^^^^^^^^
  File "/Users/jacktoke/Codes/DataEngineer/LeWagon/project_du_dbt_starter/.venv/lib/python3.12/site-packages/dagster/_core/execution/plan/execute_step.py", line 773, in _gen_fn
    gen_output = output_manager.handle_output(output_context, output.value)
                 ^^^^^^^^^^^^^^^^^^^^^^^^^^^^^^^^^^^^^^^^^^^^^^^^^^^^^^^^^^
  File "/Users/jacktoke/Codes/DataEngineer/LeWagon/project_du_dbt_starter/.venv/lib/python3.12/site-packages/dagster/_core/storage/db_io_manager.py", line 147, in handle_output
    handler_metadata = handler.handle_output(context, table_slice, obj, conn)
                       ^^^^^^^^^^^^^^^^^^^^^^^^^^^^^^^^^^^^^^^^^^^^^^^^^^^^^^
  File "/Users/jacktoke/Codes/DataEngineer/LeWagon/project_du_dbt_starter/.venv/lib/python3.12/site-packages/dagster_duckdb_pandas/duckdb_pandas_type_handler.py", line 44, in handle_output
    connection.execute(
[0m
