[32m2025-05-28 11:32:21 +1000[0m - dagster - [34mDEBUG[0m - __ASSET_JOB - 04f52dd0-6f4a-4427-9a2f-013e24a0e2a4 - 45867 - LOGS_CAPTURED - Started capturing logs in process (pid: 45867).
[32m2025-05-28 11:32:21 +1000[0m - dagster - [34mDEBUG[0m - __ASSET_JOB - 04f52dd0-6f4a-4427-9a2f-013e24a0e2a4 - 45867 - downloaded_listing_data - STEP_START - Started execution of step "downloaded_listing_data".
[32m2025-05-28 11:32:21 +1000[0m - dagster - [34mINFO[0m - __ASSET_JOB - 04f52dd0-6f4a-4427-9a2f-013e24a0e2a4 - downloaded_listing_data - Partition keys: {'channel': 'sold', 'suburb': 'Beaufort'}
[32m2025-05-28 11:32:26 +1000[0m - dagster - [34mINFO[0m - __ASSET_JOB - 04f52dd0-6f4a-4427-9a2f-013e24a0e2a4 - downloaded_listing_data - Page: 1/26
[32m2025-05-28 11:32:30 +1000[0m - dagster - [34mINFO[0m - __ASSET_JOB - 04f52dd0-6f4a-4427-9a2f-013e24a0e2a4 - downloaded_listing_data - Page: 2/26
[32m2025-05-28 11:32:33 +1000[0m - dagster - [34mINFO[0m - __ASSET_JOB - 04f52dd0-6f4a-4427-9a2f-013e24a0e2a4 - downloaded_listing_data - Page: 3/26
[32m2025-05-28 11:32:36 +1000[0m - dagster - [34mINFO[0m - __ASSET_JOB - 04f52dd0-6f4a-4427-9a2f-013e24a0e2a4 - downloaded_listing_data - Page: 4/26
[32m2025-05-28 11:32:40 +1000[0m - dagster - [34mINFO[0m - __ASSET_JOB - 04f52dd0-6f4a-4427-9a2f-013e24a0e2a4 - downloaded_listing_data - Page: 5/26
[32m2025-05-28 11:32:44 +1000[0m - dagster - [34mINFO[0m - __ASSET_JOB - 04f52dd0-6f4a-4427-9a2f-013e24a0e2a4 - downloaded_listing_data - Page: 6/26
[32m2025-05-28 11:32:47 +1000[0m - dagster - [34mINFO[0m - __ASSET_JOB - 04f52dd0-6f4a-4427-9a2f-013e24a0e2a4 - downloaded_listing_data - Page: 7/26
[32m2025-05-28 11:32:51 +1000[0m - dagster - [34mINFO[0m - __ASSET_JOB - 04f52dd0-6f4a-4427-9a2f-013e24a0e2a4 - downloaded_listing_data - Page: 8/26
[32m2025-05-28 11:32:55 +1000[0m - dagster - [34mINFO[0m - __ASSET_JOB - 04f52dd0-6f4a-4427-9a2f-013e24a0e2a4 - downloaded_listing_data - Page: 9/26
[32m2025-05-28 11:32:58 +1000[0m - dagster - [34mINFO[0m - __ASSET_JOB - 04f52dd0-6f4a-4427-9a2f-013e24a0e2a4 - downloaded_listing_data - Page: 10/26
[32m2025-05-28 11:33:02 +1000[0m - dagster - [34mINFO[0m - __ASSET_JOB - 04f52dd0-6f4a-4427-9a2f-013e24a0e2a4 - downloaded_listing_data - Page: 11/26
[32m2025-05-28 11:33:05 +1000[0m - dagster - [34mINFO[0m - __ASSET_JOB - 04f52dd0-6f4a-4427-9a2f-013e24a0e2a4 - downloaded_listing_data - Page: 12/26
[32m2025-05-28 11:33:14 +1000[0m - dagster - [34mINFO[0m - __ASSET_JOB - 04f52dd0-6f4a-4427-9a2f-013e24a0e2a4 - downloaded_listing_data - Page: 13/26
[32m2025-05-28 11:33:18 +1000[0m - dagster - [34mINFO[0m - __ASSET_JOB - 04f52dd0-6f4a-4427-9a2f-013e24a0e2a4 - downloaded_listing_data - Page: 14/26
[32m2025-05-28 11:33:22 +1000[0m - dagster - [34mINFO[0m - __ASSET_JOB - 04f52dd0-6f4a-4427-9a2f-013e24a0e2a4 - downloaded_listing_data - Page: 15/26
[32m2025-05-28 11:33:26 +1000[0m - dagster - [34mINFO[0m - __ASSET_JOB - 04f52dd0-6f4a-4427-9a2f-013e24a0e2a4 - downloaded_listing_data - Page: 16/26
[32m2025-05-28 11:33:30 +1000[0m - dagster - [34mINFO[0m - __ASSET_JOB - 04f52dd0-6f4a-4427-9a2f-013e24a0e2a4 - downloaded_listing_data - Page: 17/26
[32m2025-05-28 11:33:33 +1000[0m - dagster - [34mINFO[0m - __ASSET_JOB - 04f52dd0-6f4a-4427-9a2f-013e24a0e2a4 - downloaded_listing_data - Page: 18/26
[32m2025-05-28 11:33:37 +1000[0m - dagster - [34mINFO[0m - __ASSET_JOB - 04f52dd0-6f4a-4427-9a2f-013e24a0e2a4 - downloaded_listing_data - Page: 19/26
[32m2025-05-28 11:33:41 +1000[0m - dagster - [34mINFO[0m - __ASSET_JOB - 04f52dd0-6f4a-4427-9a2f-013e24a0e2a4 - downloaded_listing_data - Page: 20/26
[32m2025-05-28 11:33:45 +1000[0m - dagster - [34mINFO[0m - __ASSET_JOB - 04f52dd0-6f4a-4427-9a2f-013e24a0e2a4 - downloaded_listing_data - Page: 21/26
[32m2025-05-28 11:33:48 +1000[0m - dagster - [34mINFO[0m - __ASSET_JOB - 04f52dd0-6f4a-4427-9a2f-013e24a0e2a4 - downloaded_listing_data - Page: 22/26
[32m2025-05-28 11:33:52 +1000[0m - dagster - [34mINFO[0m - __ASSET_JOB - 04f52dd0-6f4a-4427-9a2f-013e24a0e2a4 - downloaded_listing_data - Page: 23/26
[32m2025-05-28 11:33:55 +1000[0m - dagster - [34mINFO[0m - __ASSET_JOB - 04f52dd0-6f4a-4427-9a2f-013e24a0e2a4 - downloaded_listing_data - Page: 24/26
[32m2025-05-28 11:33:59 +1000[0m - dagster - [34mINFO[0m - __ASSET_JOB - 04f52dd0-6f4a-4427-9a2f-013e24a0e2a4 - downloaded_listing_data - Page: 25/26
[32m2025-05-28 11:34:01 +1000[0m - dagster - [34mINFO[0m - __ASSET_JOB - 04f52dd0-6f4a-4427-9a2f-013e24a0e2a4 - downloaded_listing_data - Page: 26/26
[32m2025-05-28 11:34:01 +1000[0m - dagster - [34mINFO[0m - __ASSET_JOB - 04f52dd0-6f4a-4427-9a2f-013e24a0e2a4 - downloaded_listing_data - Number of records: 754
[32m2025-05-28 11:34:01 +1000[0m - dagster - [34mDEBUG[0m - __ASSET_JOB - 04f52dd0-6f4a-4427-9a2f-013e24a0e2a4 - 45867 - downloaded_listing_data - STEP_OUTPUT - Yielded output "result" of type "Nothing". (Type check passed).
[32m2025-05-28 11:34:01 +1000[0m - dagster - [34mDEBUG[0m - __ASSET_JOB - 04f52dd0-6f4a-4427-9a2f-013e24a0e2a4 - 45867 - downloaded_listing_data - ASSET_MATERIALIZATION - Materialized value downloaded_listing_data.
[32m2025-05-28 11:34:01 +1000[0m - dagster - [34mDEBUG[0m - __ASSET_JOB - 04f52dd0-6f4a-4427-9a2f-013e24a0e2a4 - 45867 - downloaded_listing_data - STEP_SUCCESS - Finished execution of step "downloaded_listing_data" in 1m40s.
