[32m2025-05-28 23:15:10 +1000[0m - dagster - [34mDEBUG[0m - __ASSET_JOB - 884c58ca-6e11-45f6-aa7a-ddfd6d62baf5 - 91607 - LOGS_CAPTURED - Started capturing logs in process (pid: 91607).
[32m2025-05-28 23:15:10 +1000[0m - dagster - [34mDEBUG[0m - __ASSET_JOB - 884c58ca-6e11-45f6-aa7a-ddfd6d62baf5 - 91607 - cleansed_rental_listings_data - STEP_START - Started execution of step "cleansed_rental_listings_data".
[32m2025-05-28 23:15:10 +1000[0m - dagster - [34mERROR[0m - [31m__ASSET_JOB - 884c58ca-6e11-45f6-aa7a-ddfd6d62baf5 - 91607 - cleansed_rental_listings_data - STEP_FAILURE - Execution of step "cleansed_rental_listings_data" failed.

dagster._core.errors.DagsterExecutionStepExecutionError: Error occurred while executing op "cleansed_rental_listings_data"::

TypeError: findall() missing 1 required positional argument: 'string'

Stack Trace:
  File "/Users/jacktoke/Codes/DataEngineer/LeWagon/project_du_dbt_starter/.venv/lib/python3.12/site-packages/dagster/_core/execution/plan/utils.py", line 56, in op_execution_error_boundary
    yield
  File "/Users/jacktoke/Codes/DataEngineer/LeWagon/project_du_dbt_starter/.venv/lib/python3.12/site-packages/dagster/_utils/__init__.py", line 392, in iterate_with_context
    next_output = next(iterator)
                  ^^^^^^^^^^^^^^
  File "/Users/jacktoke/Codes/DataEngineer/LeWagon/project_du_dbt_starter/dagster_university/assets/listings.py", line 390, in cleansed_rental_listings_data
    with conn.begin():
         ^^^^^^^^^^^^
  File "/Users/jacktoke/Codes/DataEngineer/LeWagon/project_du_dbt_starter/dagster_university/assets/listings.py", line 425, in cleansed_rental_listings_data
    raise e
  File "/Users/jacktoke/Codes/DataEngineer/LeWagon/project_du_dbt_starter/dagster_university/assets/listings.py", line 392, in cleansed_rental_listings_data
    with conn.cursor() as cursor:
         ^^^^^^^^^^^^^
  File "/Users/jacktoke/Codes/DataEngineer/LeWagon/project_du_dbt_starter/dagster_university/assets/listings.py", line 396, in cleansed_rental_listings_data
    result = re.findall(str(row["price"]))
             ^^^^^^^^^^^^^^^^^^^^^^^^^^^^^
[0m
