[32m2025-05-28 14:46:06 +1000[0m - dagster - [34mDEBUG[0m - __ASSET_JOB - a7dc500c-52ef-4773-82cf-8542223ea291 - 20782 - LOGS_CAPTURED - Started capturing logs in process (pid: 20782).
[32m2025-05-28 14:46:06 +1000[0m - dagster - [34mDEBUG[0m - __ASSET_JOB - a7dc500c-52ef-4773-82cf-8542223ea291 - 20782 - dbt_analytics - STEP_START - Started execution of step "dbt_analytics".
[32m2025-05-28 14:46:06 +1000[0m - dagster - [34mINFO[0m - __ASSET_JOB - a7dc500c-52ef-4773-82cf-8542223ea291 - dbt_analytics - A dbt subsetted execution is being performed. Overriding default dbt selection arguments `['--select', 'fqn:*']` with arguments: `['analytics.staging.stg_agents', 'analytics.staging.stg_addresses', 'analytics.staging.stg_suburbs', 'analytics.staging.stg_agencies']`.
INFO:dagster.builtin:__ASSET_JOB - a7dc500c-52ef-4773-82cf-8542223ea291 - dbt_analytics - A dbt subsetted execution is being performed. Overriding default dbt selection arguments `['--select', 'fqn:*']` with arguments: `['analytics.staging.stg_agents', 'analytics.staging.stg_addresses', 'analytics.staging.stg_suburbs', 'analytics.staging.stg_agencies']`.
[32m2025-05-28 14:46:06 +1000[0m - dagster - [34mINFO[0m - __ASSET_JOB - a7dc500c-52ef-4773-82cf-8542223ea291 - dbt_analytics - Copying `/Users/jacktoke/Codes/DataEngineer/LeWagon/project_du_dbt_starter/analytics/target/partial_parse.msgpack` to `/Users/jacktoke/Codes/DataEngineer/LeWagon/project_du_dbt_starter/analytics/target/dbt_analytics-a7dc500-6541b2e/partial_parse.msgpack` to take advantage of partial parsing.
INFO:dagster.builtin:__ASSET_JOB - a7dc500c-52ef-4773-82cf-8542223ea291 - dbt_analytics - Copying `/Users/jacktoke/Codes/DataEngineer/LeWagon/project_du_dbt_starter/analytics/target/partial_parse.msgpack` to `/Users/jacktoke/Codes/DataEngineer/LeWagon/project_du_dbt_starter/analytics/target/dbt_analytics-a7dc500-6541b2e/partial_parse.msgpack` to take advantage of partial parsing.
[32m2025-05-28 14:46:06 +1000[0m - dagster - [34mINFO[0m - __ASSET_JOB - a7dc500c-52ef-4773-82cf-8542223ea291 - dbt_analytics - Running dbt command: `dbt build --select analytics.staging.stg_agents analytics.staging.stg_addresses analytics.staging.stg_suburbs analytics.staging.stg_agencies`.
INFO:dagster.builtin:__ASSET_JOB - a7dc500c-52ef-4773-82cf-8542223ea291 - dbt_analytics - Running dbt command: `dbt build --select analytics.staging.stg_agents analytics.staging.stg_addresses analytics.staging.stg_suburbs analytics.staging.stg_agencies`.
[32m2025-05-28 14:46:07 +1000[0m - dagster - [34mDEBUG[0m - __ASSET_JOB - a7dc500c-52ef-4773-82cf-8542223ea291 - 20782 - dbt_analytics - STEP_OUTPUT - Yielded output "stg_addresses" of type "Nothing". (Type check passed).
[32m2025-05-28 14:46:07 +1000[0m - dagster - [34mDEBUG[0m - __ASSET_JOB - a7dc500c-52ef-4773-82cf-8542223ea291 - 20782 - dbt_analytics - ASSET_MATERIALIZATION - Materialized value stg_addresses.
[32m2025-05-28 14:46:07 +1000[0m - dagster - [34mDEBUG[0m - __ASSET_JOB - a7dc500c-52ef-4773-82cf-8542223ea291 - 20782 - dbt_analytics - STEP_OUTPUT - Yielded output "stg_agencies" of type "Nothing". (Type check passed).
[32m2025-05-28 14:46:07 +1000[0m - dagster - [34mDEBUG[0m - __ASSET_JOB - a7dc500c-52ef-4773-82cf-8542223ea291 - 20782 - dbt_analytics - ASSET_MATERIALIZATION - Materialized value stg_agencies.
[32m2025-05-28 14:46:07 +1000[0m - dagster - [34mDEBUG[0m - __ASSET_JOB - a7dc500c-52ef-4773-82cf-8542223ea291 - 20782 - dbt_analytics - STEP_OUTPUT - Yielded output "stg_agents" of type "Nothing". (Type check passed).
[32m2025-05-28 14:46:07 +1000[0m - dagster - [34mDEBUG[0m - __ASSET_JOB - a7dc500c-52ef-4773-82cf-8542223ea291 - 20782 - dbt_analytics - ASSET_MATERIALIZATION - Materialized value stg_agents.
[32m2025-05-28 14:46:07 +1000[0m - dagster - [34mDEBUG[0m - __ASSET_JOB - a7dc500c-52ef-4773-82cf-8542223ea291 - 20782 - dbt_analytics - STEP_OUTPUT - Yielded output "stg_suburbs" of type "Nothing". (Type check passed).
[32m2025-05-28 14:46:07 +1000[0m - dagster - [34mDEBUG[0m - __ASSET_JOB - a7dc500c-52ef-4773-82cf-8542223ea291 - 20782 - dbt_analytics - ASSET_MATERIALIZATION - Materialized value stg_suburbs.
[32m2025-05-28 14:46:07 +1000[0m - dagster - [34mDEBUG[0m - __ASSET_JOB - a7dc500c-52ef-4773-82cf-8542223ea291 - 20782 - dbt_analytics - STEP_OUTPUT - Yielded output "stg_suburbs_not_null_stg_suburbs_suburb_id" of type "Any". (Type check passed).
[32m2025-05-28 14:46:07 +1000[0m - dagster - [34mDEBUG[0m - __ASSET_JOB - a7dc500c-52ef-4773-82cf-8542223ea291 - 20782 - dbt_analytics - ASSET_CHECK_EVALUATION - DagsterEventType.ASSET_CHECK_EVALUATION for step dbt_analytics
[32m2025-05-28 14:46:07 +1000[0m - dagster - [34mDEBUG[0m - __ASSET_JOB - a7dc500c-52ef-4773-82cf-8542223ea291 - 20782 - dbt_analytics - STEP_OUTPUT - Yielded output "stg_suburbs_unique_stg_suburbs_suburb_id" of type "Any". (Type check passed).
[32m2025-05-28 14:46:07 +1000[0m - dagster - [34mDEBUG[0m - __ASSET_JOB - a7dc500c-52ef-4773-82cf-8542223ea291 - 20782 - dbt_analytics - ASSET_CHECK_EVALUATION - DagsterEventType.ASSET_CHECK_EVALUATION for step dbt_analytics
[32m2025-05-28 14:46:07 +1000[0m - dagster - [34mINFO[0m - __ASSET_JOB - a7dc500c-52ef-4773-82cf-8542223ea291 - dbt_analytics - Finished dbt command: `dbt build --select analytics.staging.stg_agents analytics.staging.stg_addresses analytics.staging.stg_suburbs analytics.staging.stg_agencies`.
INFO:dagster.builtin:__ASSET_JOB - a7dc500c-52ef-4773-82cf-8542223ea291 - dbt_analytics - Finished dbt command: `dbt build --select analytics.staging.stg_agents analytics.staging.stg_addresses analytics.staging.stg_suburbs analytics.staging.stg_agencies`.
[32m2025-05-28 14:46:07 +1000[0m - dagster - [34mDEBUG[0m - __ASSET_JOB - a7dc500c-52ef-4773-82cf-8542223ea291 - 20782 - dbt_analytics - STEP_SUCCESS - Finished execution of step "dbt_analytics" in 1.69s.
