[32m2025-05-28 14:52:15 +1000[0m - dagster - [34mDEBUG[0m - __ASSET_JOB - 73524ae8-8222-4f74-95a5-895adde8e5a1 - 23240 - LOGS_CAPTURED - Started capturing logs in process (pid: 23240).
[32m2025-05-28 14:52:15 +1000[0m - dagster - [34mDEBUG[0m - __ASSET_JOB - 73524ae8-8222-4f74-95a5-895adde8e5a1 - 23240 - dbt_analytics - STEP_START - Started execution of step "dbt_analytics".
[32m2025-05-28 14:52:15 +1000[0m - dagster - [34mINFO[0m - __ASSET_JOB - 73524ae8-8222-4f74-95a5-895adde8e5a1 - dbt_analytics - A dbt subsetted execution is being performed. Overriding default dbt selection arguments `['--select', 'fqn:*']` with arguments: `['analytics.staging.stg_addresses', 'analytics.staging.stg_suburbs', 'analytics.staging.stg_agencies', 'analytics.staging.stg_agents']`.
INFO:dagster.builtin:__ASSET_JOB - 73524ae8-8222-4f74-95a5-895adde8e5a1 - dbt_analytics - A dbt subsetted execution is being performed. Overriding default dbt selection arguments `['--select', 'fqn:*']` with arguments: `['analytics.staging.stg_addresses', 'analytics.staging.stg_suburbs', 'analytics.staging.stg_agencies', 'analytics.staging.stg_agents']`.
[32m2025-05-28 14:52:15 +1000[0m - dagster - [34mINFO[0m - __ASSET_JOB - 73524ae8-8222-4f74-95a5-895adde8e5a1 - dbt_analytics - Copying `/Users/jacktoke/Codes/DataEngineer/LeWagon/project_du_dbt_starter/analytics/target/partial_parse.msgpack` to `/Users/jacktoke/Codes/DataEngineer/LeWagon/project_du_dbt_starter/analytics/target/dbt_analytics-73524ae-52845cd/partial_parse.msgpack` to take advantage of partial parsing.
INFO:dagster.builtin:__ASSET_JOB - 73524ae8-8222-4f74-95a5-895adde8e5a1 - dbt_analytics - Copying `/Users/jacktoke/Codes/DataEngineer/LeWagon/project_du_dbt_starter/analytics/target/partial_parse.msgpack` to `/Users/jacktoke/Codes/DataEngineer/LeWagon/project_du_dbt_starter/analytics/target/dbt_analytics-73524ae-52845cd/partial_parse.msgpack` to take advantage of partial parsing.
[32m2025-05-28 14:52:15 +1000[0m - dagster - [34mINFO[0m - __ASSET_JOB - 73524ae8-8222-4f74-95a5-895adde8e5a1 - dbt_analytics - Running dbt command: `dbt build --select analytics.staging.stg_addresses analytics.staging.stg_suburbs analytics.staging.stg_agencies analytics.staging.stg_agents`.
INFO:dagster.builtin:__ASSET_JOB - 73524ae8-8222-4f74-95a5-895adde8e5a1 - dbt_analytics - Running dbt command: `dbt build --select analytics.staging.stg_addresses analytics.staging.stg_suburbs analytics.staging.stg_agencies analytics.staging.stg_agents`.
[32m2025-05-28 14:52:16 +1000[0m - dagster - [34mDEBUG[0m - __ASSET_JOB - 73524ae8-8222-4f74-95a5-895adde8e5a1 - 23240 - dbt_analytics - STEP_OUTPUT - Yielded output "public__stg_addresses" of type "Nothing". (Type check passed).
[32m2025-05-28 14:52:16 +1000[0m - dagster - [34mDEBUG[0m - __ASSET_JOB - 73524ae8-8222-4f74-95a5-895adde8e5a1 - 23240 - dbt_analytics - ASSET_MATERIALIZATION - Materialized value public stg_addresses.
[32m2025-05-28 14:52:16 +1000[0m - dagster - [34mDEBUG[0m - __ASSET_JOB - 73524ae8-8222-4f74-95a5-895adde8e5a1 - 23240 - dbt_analytics - STEP_OUTPUT - Yielded output "public__stg_agencies" of type "Nothing". (Type check passed).
[32m2025-05-28 14:52:16 +1000[0m - dagster - [34mDEBUG[0m - __ASSET_JOB - 73524ae8-8222-4f74-95a5-895adde8e5a1 - 23240 - dbt_analytics - ASSET_MATERIALIZATION - Materialized value public stg_agencies.
[32m2025-05-28 14:52:16 +1000[0m - dagster - [34mDEBUG[0m - __ASSET_JOB - 73524ae8-8222-4f74-95a5-895adde8e5a1 - 23240 - dbt_analytics - STEP_OUTPUT - Yielded output "public__stg_agents" of type "Nothing". (Type check passed).
[32m2025-05-28 14:52:16 +1000[0m - dagster - [34mDEBUG[0m - __ASSET_JOB - 73524ae8-8222-4f74-95a5-895adde8e5a1 - 23240 - dbt_analytics - ASSET_MATERIALIZATION - Materialized value public stg_agents.
[32m2025-05-28 14:52:16 +1000[0m - dagster - [34mDEBUG[0m - __ASSET_JOB - 73524ae8-8222-4f74-95a5-895adde8e5a1 - 23240 - dbt_analytics - STEP_OUTPUT - Yielded output "public__stg_suburbs" of type "Nothing". (Type check passed).
[32m2025-05-28 14:52:16 +1000[0m - dagster - [34mDEBUG[0m - __ASSET_JOB - 73524ae8-8222-4f74-95a5-895adde8e5a1 - 23240 - dbt_analytics - ASSET_MATERIALIZATION - Materialized value public stg_suburbs.
[32m2025-05-28 14:52:16 +1000[0m - dagster - [34mDEBUG[0m - __ASSET_JOB - 73524ae8-8222-4f74-95a5-895adde8e5a1 - 23240 - dbt_analytics - STEP_OUTPUT - Yielded output "public__stg_suburbs_not_null_stg_suburbs_suburb_id" of type "Any". (Type check passed).
[32m2025-05-28 14:52:16 +1000[0m - dagster - [34mDEBUG[0m - __ASSET_JOB - 73524ae8-8222-4f74-95a5-895adde8e5a1 - 23240 - dbt_analytics - ASSET_CHECK_EVALUATION - DagsterEventType.ASSET_CHECK_EVALUATION for step dbt_analytics
[32m2025-05-28 14:52:16 +1000[0m - dagster - [34mDEBUG[0m - __ASSET_JOB - 73524ae8-8222-4f74-95a5-895adde8e5a1 - 23240 - dbt_analytics - STEP_OUTPUT - Yielded output "public__stg_suburbs_unique_stg_suburbs_suburb_id" of type "Any". (Type check passed).
[32m2025-05-28 14:52:16 +1000[0m - dagster - [34mDEBUG[0m - __ASSET_JOB - 73524ae8-8222-4f74-95a5-895adde8e5a1 - 23240 - dbt_analytics - ASSET_CHECK_EVALUATION - DagsterEventType.ASSET_CHECK_EVALUATION for step dbt_analytics
[32m2025-05-28 14:52:16 +1000[0m - dagster - [34mINFO[0m - __ASSET_JOB - 73524ae8-8222-4f74-95a5-895adde8e5a1 - dbt_analytics - Finished dbt command: `dbt build --select analytics.staging.stg_addresses analytics.staging.stg_suburbs analytics.staging.stg_agencies analytics.staging.stg_agents`.
INFO:dagster.builtin:__ASSET_JOB - 73524ae8-8222-4f74-95a5-895adde8e5a1 - dbt_analytics - Finished dbt command: `dbt build --select analytics.staging.stg_addresses analytics.staging.stg_suburbs analytics.staging.stg_agencies analytics.staging.stg_agents`.
[32m2025-05-28 14:52:16 +1000[0m - dagster - [34mDEBUG[0m - __ASSET_JOB - 73524ae8-8222-4f74-95a5-895adde8e5a1 - 23240 - dbt_analytics - STEP_SUCCESS - Finished execution of step "dbt_analytics" in 1.67s.
